[2023-11-07T19:11:50.103319+01:00] User Registration.INFO: Account created. [{"first_name":"Test","last_name":"Person","phone":"0799959818","email":"info@secondsite.xyz","password":"&g8Xm4p+bj@!:L^","repeat_password":"&g8Xm4p+bj@!:L^","user_group":"client","company_id":"1","nonce":"ceeb120e0d001d95e95464"}] []
[2023-11-07T23:47:22.936576+02:00] User Registration.INFO:  [{"task_name":"test","description":"test","created_by_user_id":"1","action":"add-user","nonce":"8d717e0a04f56dd4e5f032"}] []
[2023-11-08T00:15:45.997502+02:00] User Registration.INFO: Successful [{"task_name":"test 2","description":"test","created_by_user_id":"1","action":"add-user","nonce":"8d717e0a04f56dd4e5f032"}] []
[2023-11-08T00:21:01.987787+02:00] User Registration.INFO: Successful [{"task_name":"new test","description":"test","created_by_user_id":"1","action":"add-user","nonce":"8d717e0a04f56dd4e5f032"}] []
[2023-11-08T00:24:18.755470+02:00] User Registration.INFO: Successful [{"task_name":"new test","description":"new","created_by_user_id":"1","action":"add-user","nonce":"8d717e0a04f56dd4e5f032"}] []
[2023-11-08T00:54:01.508698+02:00] User Registration.INFO: Successful [{"task_id":"1","action":"get-task","nonce":"8d717e0a04f56dd4e5f032"}] []
[2023-11-08T01:08:22.671645+02:00] User Registration.INFO: Successful [{"task_id":"2","action":"get-task","nonce":"8d717e0a04f56dd4e5f032"}] []
[2023-11-08T01:11:34.814217+02:00] User Registration.INFO: Successful [{"task_id":"3","action":"get-task","nonce":"8d717e0a04f56dd4e5f032"}] []
[2023-11-08T01:12:00.208741+02:00] User Registration.INFO: Successful [{"task_id":"1","action":"get-task","nonce":"8d717e0a04f56dd4e5f032"}] []
[2023-11-08T01:26:58.660095+02:00] User Registration.INFO: Successful [{"task_id":"2","action":"get-task","nonce":"8d717e0a04f56dd4e5f032"}] []
[2023-11-08T01:34:37.218727+02:00] User Registration.INFO: Successful [{"task_id":"2","action":"get-task","nonce":"8d717e0a04f56dd4e5f032"}] []
[2023-11-08T09:57:22.190404+02:00] User Registration.INFO: Successful [{"task_id":"2","action":"get-task","nonce":"884204fe4f01b99cde8ac3"}] []
[2023-11-08T10:34:17.865627+02:00] User Registration.INFO: Successful [{"task_id":"1","action":"get-task","nonce":"884204fe4f01b99cde8ac3"}] []
[2023-11-08T10:34:18.875208+02:00] User Registration.INFO: Successful [{"task_id":"2","action":"get-task","nonce":"884204fe4f01b99cde8ac3"}] []
[2023-11-08T10:36:37.712322+02:00] User Registration.INFO: Successful [{"task_id":"2","action":"get-task","nonce":"884204fe4f01b99cde8ac3"}] []
[2023-11-08T10:45:19.257812+02:00] User Registration.INFO: Successful [{"task_id":"2","action":"get-task","nonce":"884204fe4f01b99cde8ac3"}] []
[2023-11-08T10:45:50.481217+02:00] User Registration.INFO: Successful [{"task_name":"test 2","description":"","task_status":"open","action":"update-task","nonce":"884204fe4f01b99cde8ac3"}] []
[2023-11-08T10:47:23.013569+02:00] User Registration.INFO: Successful [{"task_id":"2","action":"get-task","nonce":"884204fe4f01b99cde8ac3"}] []
[2023-11-08T10:50:08.143138+02:00] User Registration.INFO: Successful [{"task_id":"2","action":"get-task","nonce":"884204fe4f01b99cde8ac3"}] []
[2023-11-08T10:55:04.878048+02:00] User Registration.INFO: Successful [{"task_id":"2","user_id":"2","action":"start-session","nonce":"884204fe4f01b99cde8ac3"}] []
[2023-11-08T10:55:41.592198+02:00] User Registration.INFO: Successful [{"task_id":"2","action":"get-task","nonce":"884204fe4f01b99cde8ac3"}] []
[2023-11-08T10:56:01.100622+02:00] User Registration.INFO: Successful [{"task_id":"2","user_id":"2","action":"start-session","nonce":"884204fe4f01b99cde8ac3"}] []
[2023-11-08T11:03:59.359355+02:00] User Registration.INFO: Successful [{"task_id":"3","action":"get-task","nonce":"884204fe4f01b99cde8ac3"}] []
[2023-11-08T11:07:39.855918+02:00] User Registration.INFO: Successful [{"task_id":"2","action":"get-task","nonce":"884204fe4f01b99cde8ac3"}] []
[2023-11-08T11:08:04.457306+02:00] User Registration.INFO: Successful [{"task_id":"1","action":"get-task","nonce":"884204fe4f01b99cde8ac3"}] []
[2023-11-08T11:08:20.002082+02:00] User Registration.INFO: Successful [{"task_id":"1","user_id":"2","action":"start-session","nonce":"884204fe4f01b99cde8ac3"}] []
[2023-11-08T11:08:45.314221+02:00] User Registration.ERROR: SQLSTATE[42S22]: Column not found: 1054 Unknown column 'task_status' in 'field list' [{"task_id":"1","user_id":"2","action":"stop-session","nonce":"884204fe4f01b99cde8ac3"}] []
[2023-11-08T11:14:55.844054+02:00] User Registration.INFO: Successful [{"task_id":"1","action":"get-task","nonce":"884204fe4f01b99cde8ac3"}] []
[2023-11-08T11:15:16.210390+02:00] User Registration.INFO: Successful [{"task_id":"1","user_id":"2","action":"start-session","nonce":"884204fe4f01b99cde8ac3"}] []
[2023-11-08T11:16:01.375446+02:00] User Registration.INFO: Successful [{"task_id":"3","action":"get-task","nonce":"884204fe4f01b99cde8ac3"}] []
[2023-11-08T11:16:25.947006+02:00] User Registration.INFO: Successful [{"task_id":"3","user_id":"2","action":"start-session","nonce":"884204fe4f01b99cde8ac3"}] []
[2023-11-08T11:17:00.780101+02:00] User Registration.INFO: Successful [{"task_id":"2","action":"get-task","nonce":"884204fe4f01b99cde8ac3"}] []
[2023-11-08T11:17:11.206308+02:00] User Registration.INFO: Successful [{"task_id":"2","user_id":"2","action":"start-session","nonce":"884204fe4f01b99cde8ac3"}] []
[2023-11-08T11:17:50.669263+02:00] User Registration.INFO: Successful [{"task_id":"1","action":"get-task","nonce":"884204fe4f01b99cde8ac3"}] []
[2023-11-08T11:20:54.826958+02:00] User Registration.INFO: Successful [{"task_id":"2","action":"get-task","nonce":"884204fe4f01b99cde8ac3"}] []
[2023-11-08T11:22:49.069705+02:00] User Registration.INFO: Successful [{"task_id":"2","action":"get-task","nonce":"884204fe4f01b99cde8ac3"}] []
[2023-11-08T11:23:23.851813+02:00] User Registration.INFO: Successful [{"task_id":"3","action":"get-task","nonce":"884204fe4f01b99cde8ac3"}] []
[2023-11-08T11:24:16.845531+02:00] User Registration.INFO: Successful [{"task_id":"3","action":"get-task","nonce":"884204fe4f01b99cde8ac3"}] []
[2023-11-08T11:24:27.947649+02:00] User Registration.INFO: Successful [{"task_id":"4","action":"get-task","nonce":"884204fe4f01b99cde8ac3"}] []
[2023-11-08T11:24:38.933482+02:00] User Registration.INFO: Successful [{"task_id":"2","action":"get-task","nonce":"884204fe4f01b99cde8ac3"}] []
[2023-11-08T11:25:44.291331+02:00] User Registration.INFO: Successful [{"task_id":"2","action":"get-task","nonce":"1bd1afb442b7297dc95ca5"}] []
[2023-11-08T11:27:40.726321+02:00] User Registration.INFO: Successful [{"task_id":"2","action":"get-task","nonce":"1bd1afb442b7297dc95ca5"}] []
[2023-11-08T11:27:54.583732+02:00] User Registration.INFO: Successful [{"task_id":"1","action":"get-task","nonce":"1bd1afb442b7297dc95ca5"}] []
[2023-11-08T11:29:17.346576+02:00] User Registration.INFO: Successful [{"task_id":"1","action":"get-task","nonce":"1bd1afb442b7297dc95ca5"}] []
[2023-11-08T11:53:02.646350+02:00] User Registration.INFO: Successful [{"task_id":"1","action":"get-task","nonce":"1bd1afb442b7297dc95ca5"}] []
[2023-11-08T17:43:03.528259+02:00] User Registration.INFO: Successful [{"task_id":"1","action":"get-task","nonce":"12abd6208bd6e8eea92687"}] []
[2023-11-08T17:56:06.261159+02:00] User Registration.INFO: Successful [{"task_id":"2","action":"get-task","nonce":"12abd6208bd6e8eea92687"}] []
[2023-11-08T18:12:36.883989+02:00] User Registration.INFO: Successful [{"task_id":"2","action":"get-task","nonce":"12abd6208bd6e8eea92687"}] []
[2023-11-08T18:17:46.943218+02:00] User Registration.INFO: Successful [{"task_id":"2","action":"get-task","nonce":"12abd6208bd6e8eea92687"}] []
[2023-11-08T18:24:30.248956+02:00] User Registration.INFO: Successful [{"task_id":"1","action":"get-task","nonce":"12abd6208bd6e8eea92687"}] []
[2023-11-08T18:29:38.817902+02:00] User Registration.INFO: Successful [{"task_id":"1","action":"get-task","nonce":"12abd6208bd6e8eea92687"}] []
[2023-11-08T18:31:15.720854+02:00] User Registration.INFO: Successful [{"task_id":"1","action":"get-task","nonce":"12abd6208bd6e8eea92687"}] []
[2023-11-08T18:34:00.776148+02:00] User Registration.INFO: Successful [{"task_id":"1","action":"get-task","nonce":"12abd6208bd6e8eea92687"}] []
[2023-11-08T18:34:43.321859+02:00] User Registration.INFO: Successful [{"user_id":"2","session_id":"2","action":"stop-session","nonce":"12abd6208bd6e8eea92687"}] []
[2023-11-08T18:35:06.357118+02:00] User Registration.INFO: Successful [{"task_id":"1","action":"get-task","nonce":"12abd6208bd6e8eea92687"}] []
[2023-11-08T18:35:17.799817+02:00] User Registration.INFO: Successful [{"task_id":"2","action":"get-task","nonce":"12abd6208bd6e8eea92687"}] []
[2023-11-08T18:35:19.349610+02:00] User Registration.INFO: Successful [{"task_id":"1","action":"get-task","nonce":"12abd6208bd6e8eea92687"}] []
[2023-11-08T18:36:17.810275+02:00] User Registration.INFO: Successful [{"task_id":"1","action":"get-task","nonce":"12abd6208bd6e8eea92687"}] []
[2023-11-08T18:36:28.279129+02:00] User Registration.INFO: Successful [{"user_id":"2","session_id":"3","action":"stop-session","nonce":"12abd6208bd6e8eea92687"}] []
[2023-11-08T18:36:34.720900+02:00] User Registration.INFO: Successful [{"task_id":"1","action":"get-task","nonce":"12abd6208bd6e8eea92687"}] []
[2023-11-08T18:46:27.145040+02:00] User Registration.INFO: Successful [{"task_id":"1","action":"get-task","nonce":"12abd6208bd6e8eea92687"}] []
[2023-11-08T18:47:34.832568+02:00] User Registration.INFO: Successful [{"task_id":"1","action":"get-task","nonce":"12abd6208bd6e8eea92687"}] []
[2023-11-08T18:48:15.628006+02:00] User Registration.INFO: Successful [{"task_id":"1","action":"get-task","nonce":"12abd6208bd6e8eea92687"}] []
[2023-11-08T18:55:20.558863+02:00] User Registration.INFO: Successful [{"task_id":"1","action":"get-task","nonce":"12abd6208bd6e8eea92687"}] []
[2023-11-08T18:55:38.725062+02:00] User Registration.INFO: Successful [{"task_id":"1","action":"get-task","nonce":"12abd6208bd6e8eea92687"}] []
[2023-11-08T18:56:00.112352+02:00] User Registration.INFO: Successful [{"task_id":"1","user_id":"2","action":"start-session","nonce":"12abd6208bd6e8eea92687"}] []
[2023-11-08T18:56:22.317837+02:00] User Registration.INFO: Successful [{"task_id":"1","action":"get-task","nonce":"12abd6208bd6e8eea92687"}] []
[2023-11-08T18:59:28.981499+02:00] User Registration.INFO: Successful [{"task_id":"2","action":"get-task","nonce":"12abd6208bd6e8eea92687"}] []
[2023-11-08T18:59:31.465299+02:00] User Registration.INFO: Successful [{"user_id":"2","session_id":"1","action":"stop-session","nonce":"12abd6208bd6e8eea92687"}] []
[2023-11-08T18:59:36.004925+02:00] User Registration.INFO: Successful [{"task_id":"2","user_id":"2","action":"start-session","nonce":"12abd6208bd6e8eea92687"}] []
[2023-11-08T18:59:39.174489+02:00] User Registration.INFO: Successful [{"user_id":"2","session_id":"7","action":"stop-session","nonce":"12abd6208bd6e8eea92687"}] []
[2023-11-08T18:59:55.121231+02:00] User Registration.INFO: Successful [{"task_id":"2","action":"get-task","nonce":"12abd6208bd6e8eea92687"}] []
[2023-11-08T19:00:11.422989+02:00] User Registration.INFO: Successful [{"user_id":"2","session_id":"5","action":"stop-session","nonce":"12abd6208bd6e8eea92687"}] []
[2023-11-08T19:00:16.826630+02:00] User Registration.INFO: Successful [{"task_id":"2","action":"get-task","nonce":"12abd6208bd6e8eea92687"}] []
[2023-11-08T19:08:48.553982+02:00] User Registration.INFO: Successful [{"task_id":"2","action":"get-task","nonce":"12abd6208bd6e8eea92687"}] []
[2023-11-08T19:12:22.987036+02:00] User Registration.INFO: Successful [{"task_id":"1","action":"get-task","nonce":"12abd6208bd6e8eea92687"}] []
[2023-11-08T19:13:53.022998+02:00] User Registration.INFO: Successful [{"task_id":"1","action":"get-task","nonce":"12abd6208bd6e8eea92687"}] []
[2023-11-08T19:13:55.004552+02:00] User Registration.INFO: Successful [{"task_id":"2","action":"get-task","nonce":"12abd6208bd6e8eea92687"}] []
[2023-11-08T19:15:08.190361+02:00] User Registration.INFO: Successful [{"task_id":"1","action":"get-task","nonce":"12abd6208bd6e8eea92687"}] []
[2023-11-08T19:15:11.453544+02:00] User Registration.INFO: Successful [{"task_id":"2","action":"get-task","nonce":"12abd6208bd6e8eea92687"}] []
[2023-11-08T19:15:18.621533+02:00] User Registration.INFO: Successful [{"task_id":"1","action":"get-task","nonce":"12abd6208bd6e8eea92687"}] []
[2023-11-08T19:15:29.567360+02:00] User Registration.INFO: Successful [{"task_id":"1","action":"get-task","nonce":"12abd6208bd6e8eea92687"}] []
[2023-11-08T19:16:27.980791+02:00] User Registration.INFO: Successful [{"task_id":"1","action":"get-task","nonce":"12abd6208bd6e8eea92687"}] []
[2023-11-08T19:16:32.362324+02:00] User Registration.INFO: Successful [{"task_id":"2","action":"get-task","nonce":"12abd6208bd6e8eea92687"}] []
[2023-11-08T19:22:04.347841+02:00] User Registration.INFO: Successful [{"task_id":"1","action":"get-task","nonce":"12abd6208bd6e8eea92687"}] []
[2023-11-08T19:22:07.947058+02:00] User Registration.INFO: Successful [{"user_id":"2","session_id":"6","action":"stop-session","nonce":"12abd6208bd6e8eea92687"}] []
[2023-11-08T19:22:12.009042+02:00] User Registration.INFO: Successful [{"task_id":"1","user_id":"2","action":"start-session","nonce":"12abd6208bd6e8eea92687"}] []
[2023-11-08T19:22:17.873298+02:00] User Registration.INFO: Successful [{"user_id":"2","session_id":"8","action":"stop-session","nonce":"12abd6208bd6e8eea92687"}] []
[2023-11-08T19:30:26.173624+02:00] User Registration.INFO: Successful [{"task_id":"1","action":"get-task","nonce":"12abd6208bd6e8eea92687"}] []
[2023-11-08T19:30:38.290616+02:00] User Registration.INFO: Successful [{"task_id":"2","action":"get-task","nonce":"12abd6208bd6e8eea92687"}] []
[2023-11-08T19:33:54.286190+02:00] User Registration.INFO: Successful [{"task_id":"3","action":"get-task","nonce":"12abd6208bd6e8eea92687"}] []
[2023-11-08T19:34:21.648700+02:00] User Registration.INFO: Successful [{"task_id":"1","action":"get-task","nonce":"12abd6208bd6e8eea92687"}] []
[2023-11-08T19:42:37.735535+02:00] User Registration.INFO: Successful [{"task_id":"1","action":"get-task","nonce":"12abd6208bd6e8eea92687"}] []
[2023-11-08T19:43:26.660573+02:00] User Registration.ERROR: Nonce Test Failed - please refresh the page to submit again [{"task_id":"1","action":"get-task","nonce":"12abd6208bd6e8eea92687"}] []
[2023-11-08T19:43:28.732597+02:00] User Registration.ERROR: Nonce Test Failed - please refresh the page to submit again [{"task_id":"2","action":"get-task","nonce":"12abd6208bd6e8eea92687"}] []
[2023-11-08T19:43:29.953501+02:00] User Registration.ERROR: Nonce Test Failed - please refresh the page to submit again [{"task_id":"3","action":"get-task","nonce":"12abd6208bd6e8eea92687"}] []
[2023-11-08T19:43:47.553134+02:00] User Registration.INFO: Successful [{"task_id":"4","action":"get-task","nonce":"aa037efbdee9e500dd73ff"}] []
[2023-11-08T19:43:52.758422+02:00] User Registration.INFO: Successful [{"task_id":"2","action":"get-task","nonce":"aa037efbdee9e500dd73ff"}] []
[2023-11-08T19:46:55.628693+02:00] User Registration.INFO: Successful [{"task_id":"1","action":"get-task","nonce":"aa037efbdee9e500dd73ff"}] []
[2023-11-08T19:48:39.568535+02:00] User Registration.INFO: Successful [{"task_id":"1","action":"get-task","nonce":"aa037efbdee9e500dd73ff"}] []
[2023-11-08T19:48:42.135967+02:00] User Registration.INFO: Successful [{"task_id":"2","action":"get-task","nonce":"aa037efbdee9e500dd73ff"}] []
[2023-11-08T19:48:44.442940+02:00] User Registration.INFO: Successful [{"task_id":"2","action":"get-task","nonce":"aa037efbdee9e500dd73ff"}] []
[2023-11-08T19:48:50.654786+02:00] User Registration.INFO: Successful [{"task_id":"3","action":"get-task","nonce":"aa037efbdee9e500dd73ff"}] []
[2023-11-08T19:48:58.382074+02:00] User Registration.INFO: Successful [{"task_id":"1","action":"get-task","nonce":"aa037efbdee9e500dd73ff"}] []
[2023-11-08T19:58:13.066295+02:00] User Registration.INFO: Successful [{"task_id":"1","action":"get-task","nonce":"aa037efbdee9e500dd73ff"}] []
[2023-11-08T20:29:36.730943+02:00] User Registration.INFO: Successful [{"task_name":"New Task","description":"Comment","created_by_user_id":"2","action":"add-task","nonce":"aa037efbdee9e500dd73ff"}] []
[2023-11-08T20:29:53.742421+02:00] User Registration.INFO: Successful [{"task_id":"5","action":"get-task","nonce":"aa037efbdee9e500dd73ff"}] []
[2023-11-08T20:30:12.863544+02:00] User Registration.INFO: Successful [{"task_id":"5","user_id":"2","action":"start-session","nonce":"aa037efbdee9e500dd73ff"}] []
[2023-11-08T20:30:19.847465+02:00] User Registration.INFO: Successful [{"user_id":"2","session_id":"9","action":"stop-session","nonce":"aa037efbdee9e500dd73ff"}] []
[2023-11-08T20:30:24.799727+02:00] User Registration.INFO: Successful [{"task_id":"5","action":"get-task","nonce":"aa037efbdee9e500dd73ff"}] []
[2023-11-08T20:31:02.911708+02:00] User Registration.INFO: Successful [{"task_id":"5","action":"get-task","nonce":"aa037efbdee9e500dd73ff"}] []
[2023-11-08T20:31:03.314911+02:00] User Registration.INFO: Successful [{"task_id":"4","action":"get-task","nonce":"aa037efbdee9e500dd73ff"}] []
[2023-11-08T20:31:04.524040+02:00] User Registration.INFO: Successful [{"task_id":"3","action":"get-task","nonce":"aa037efbdee9e500dd73ff"}] []
[2023-11-08T20:31:05.289231+02:00] User Registration.INFO: Successful [{"task_id":"2","action":"get-task","nonce":"aa037efbdee9e500dd73ff"}] []
[2023-11-08T20:31:06.706446+02:00] User Registration.INFO: Successful [{"task_id":"1","action":"get-task","nonce":"aa037efbdee9e500dd73ff"}] []
[2023-11-08T20:31:08.103031+02:00] User Registration.INFO: Successful [{"task_id":"2","action":"get-task","nonce":"aa037efbdee9e500dd73ff"}] []
[2023-11-08T20:31:08.873931+02:00] User Registration.INFO: Successful [{"task_id":"3","action":"get-task","nonce":"aa037efbdee9e500dd73ff"}] []
[2023-11-08T20:31:11.458629+02:00] User Registration.INFO: Successful [{"user_id":"2","session_id":"4","action":"stop-session","nonce":"aa037efbdee9e500dd73ff"}] []
[2023-11-08T20:33:31.663282+02:00] User Registration.INFO: Successful [{"task_id":"1","action":"get-task","nonce":"aa037efbdee9e500dd73ff"}] []
[2023-11-08T20:35:48.040750+02:00] User Registration.INFO: Successful [{"task_id":"1","action":"get-task","nonce":"aa037efbdee9e500dd73ff"}] []
[2023-11-08T20:35:59.105298+02:00] User Registration.INFO: Successful [{"task_name":"newnew","description":"with comment","created_by_user_id":"2","action":"add-task","nonce":"aa037efbdee9e500dd73ff"}] []
[2023-11-08T20:36:36.407438+02:00] User Registration.INFO: Successful [{"task_name":"another","description":"","created_by_user_id":"2","action":"add-task","nonce":"aa037efbdee9e500dd73ff"}] []
[2023-11-08T20:37:18.045078+02:00] User Registration.INFO: Successful [{"task_name":"tret","description":"","created_by_user_id":"2","action":"add-task","nonce":"aa037efbdee9e500dd73ff"}] []
[2023-11-08T20:38:42.474566+02:00] User Registration.INFO: Successful [{"task_name":"test","description":"","created_by_user_id":"2","action":"add-task","nonce":"aa037efbdee9e500dd73ff"}] []
[2023-11-08T20:39:31.502280+02:00] User Registration.INFO: Successful [{"task_name":"test","description":"test","created_by_user_id":"2","action":"add-task","nonce":"aa037efbdee9e500dd73ff"}] []
[2023-11-08T20:39:46.218489+02:00] User Registration.INFO: Successful [{"task_name":"test","description":"","created_by_user_id":"2","action":"add-task","nonce":"aa037efbdee9e500dd73ff"}] []
[2023-11-08T20:39:53.186032+02:00] User Registration.INFO: Successful [{"task_id":"1","action":"get-task","nonce":"aa037efbdee9e500dd73ff"}] []
[2023-11-08T20:40:37.300352+02:00] User Registration.INFO: Successful [{"task_id":"11","action":"get-task","nonce":"aa037efbdee9e500dd73ff"}] []
[2023-11-08T20:40:39.475005+02:00] User Registration.INFO: Successful [{"task_id":"10","action":"get-task","nonce":"aa037efbdee9e500dd73ff"}] []
[2023-11-08T20:40:40.698068+02:00] User Registration.INFO: Successful [{"task_id":"9","action":"get-task","nonce":"aa037efbdee9e500dd73ff"}] []
[2023-11-08T20:42:58.035655+02:00] User Registration.INFO: Successful [{"task_id":"1","action":"get-task","nonce":"aa037efbdee9e500dd73ff"}] []
[2023-11-08T20:46:23.107563+02:00] User Registration.INFO: Successful [{"task_id":"1","action":"get-task","nonce":"aa037efbdee9e500dd73ff"}] []
[2023-11-08T20:47:37.134979+02:00] User Registration.INFO: Successful [{"task_id":"1","action":"get-task","nonce":"aa037efbdee9e500dd73ff"}] []
[2023-11-08T20:47:39.118585+02:00] User Registration.INFO: Successful [{"task_name":"test","description":"","task_status":"open","session_id":"0","action":"update-task","nonce":"aa037efbdee9e500dd73ff"}] []
[2023-11-08T20:47:47.488005+02:00] User Registration.INFO: Successful [{"task_name":"test","description":"","task_status":"open","session_id":"0","action":"update-task","nonce":"aa037efbdee9e500dd73ff"}] []
[2023-11-08T20:48:26.913074+02:00] User Registration.INFO: Successful [{"task_id":"1","action":"get-task","nonce":"aa037efbdee9e500dd73ff"}] []
[2023-11-08T20:51:58.907157+02:00] User Registration.INFO: Successful [{"task_id":"1","action":"get-task","nonce":"aa037efbdee9e500dd73ff"}] []
[2023-11-08T20:52:02.841693+02:00] User Registration.INFO: Successful [{"task_id":"2","action":"get-task","nonce":"aa037efbdee9e500dd73ff"}] []
[2023-11-08T20:52:03.859398+02:00] User Registration.INFO: Successful [{"task_id":"3","action":"get-task","nonce":"aa037efbdee9e500dd73ff"}] []
[2023-11-08T20:52:04.524663+02:00] User Registration.INFO: Successful [{"task_id":"4","action":"get-task","nonce":"aa037efbdee9e500dd73ff"}] []
[2023-11-08T20:52:05.148940+02:00] User Registration.INFO: Successful [{"task_id":"5","action":"get-task","nonce":"aa037efbdee9e500dd73ff"}] []
[2023-11-08T20:52:05.814034+02:00] User Registration.INFO: Successful [{"task_id":"6","action":"get-task","nonce":"aa037efbdee9e500dd73ff"}] []
[2023-11-08T20:52:07.272413+02:00] User Registration.INFO: Successful [{"task_id":"7","action":"get-task","nonce":"aa037efbdee9e500dd73ff"}] []
[2023-11-08T20:52:07.529267+02:00] User Registration.INFO: Successful [{"task_id":"8","action":"get-task","nonce":"aa037efbdee9e500dd73ff"}] []
[2023-11-08T20:52:07.603565+02:00] User Registration.INFO: Successful [{"task_id":"9","action":"get-task","nonce":"aa037efbdee9e500dd73ff"}] []
[2023-11-08T20:52:08.883868+02:00] User Registration.INFO: Successful [{"task_id":"9","action":"get-task","nonce":"aa037efbdee9e500dd73ff"}] []
[2023-11-08T20:52:09.406058+02:00] User Registration.INFO: Successful [{"task_id":"10","action":"get-task","nonce":"aa037efbdee9e500dd73ff"}] []
[2023-11-08T20:52:09.836662+02:00] User Registration.INFO: Successful [{"task_id":"11","action":"get-task","nonce":"aa037efbdee9e500dd73ff"}] []
[2023-11-08T20:52:43.069244+02:00] User Registration.INFO: Successful [{"task_id":"1","action":"get-task","nonce":"aa037efbdee9e500dd73ff"}] []
[2023-11-08T20:52:44.811706+02:00] User Registration.INFO: Successful [{"task_id":"2","action":"get-task","nonce":"aa037efbdee9e500dd73ff"}] []
[2023-11-08T20:52:45.961050+02:00] User Registration.INFO: Successful [{"task_id":"5","action":"get-task","nonce":"aa037efbdee9e500dd73ff"}] []
[2023-11-08T20:52:46.968264+02:00] User Registration.INFO: Successful [{"task_id":"6","action":"get-task","nonce":"aa037efbdee9e500dd73ff"}] []
[2023-11-08T20:53:31.987872+02:00] User Registration.INFO: Successful [{"task_name":"newnew","description":"with comment","task_status":"open","updated_by_user_id":"2","session_id":"0","action":"update-task","nonce":"aa037efbdee9e500dd73ff"}] []
[2023-11-08T21:00:19.314162+02:00] User Registration.INFO: Successful [{"task_id":"2","action":"get-task","nonce":"aa037efbdee9e500dd73ff"}] []
[2023-11-08T21:00:23.714713+02:00] User Registration.INFO: Successful [{"task_id":"2","task_name":"test 2","description":"test","task_status":"open","updated_by_user_id":"2","session_id":"0","action":"update-task","nonce":"aa037efbdee9e500dd73ff"}] []
[2023-11-08T21:00:54.881280+02:00] User Registration.INFO: Successful [{"task_id":"1","action":"get-task","nonce":"aa037efbdee9e500dd73ff"}] []
[2023-11-08T21:05:24.839655+02:00] User Registration.INFO: Successful [{"task_name":"Tell Daniel","description":"all about the new project","created_by_user_id":"2","action":"add-task","nonce":"aa037efbdee9e500dd73ff"}] []
[2023-11-08T21:05:26.538329+02:00] User Registration.INFO: Successful [{"task_id":"12","action":"get-task","nonce":"aa037efbdee9e500dd73ff"}] []
[2023-11-08T21:05:29.323828+02:00] User Registration.INFO: Successful [{"task_id":"12","user_id":"2","action":"start-session","nonce":"aa037efbdee9e500dd73ff"}] []
[2023-11-08T21:05:59.962353+02:00] User Registration.INFO: Successful [{"user_id":"2","session_id":"10","action":"stop-session","nonce":"aa037efbdee9e500dd73ff"}] []
[2023-11-08T21:06:05.743067+02:00] User Registration.INFO: Successful [{"task_id":"12","action":"get-task","nonce":"aa037efbdee9e500dd73ff"}] []
[2023-11-08T21:06:22.811154+02:00] User Registration.INFO: Successful [{"task_id":"1","action":"get-task","nonce":"aa037efbdee9e500dd73ff"}] []
[2023-11-08T21:07:47.773616+02:00] User Registration.INFO: Successful [{"task_id":"1","user_id":"2","action":"start-session","nonce":"aa037efbdee9e500dd73ff"}] []
[2023-11-08T21:07:54.678240+02:00] User Registration.INFO: Successful [{"user_id":"2","session_id":"11","action":"stop-session","nonce":"aa037efbdee9e500dd73ff"}] []
[2023-11-08T21:14:06.251080+02:00] User Registration.INFO: Successful [{"task_id":"2","action":"get-task","nonce":"aa037efbdee9e500dd73ff"}] []
[2023-11-08T21:14:41.707914+02:00] User Registration.INFO: Successful [{"task_id":"3","action":"get-task","nonce":"aa037efbdee9e500dd73ff"}] []
[2023-11-08T21:14:44.604511+02:00] User Registration.INFO: Successful [{"task_id":"3","user_id":"2","action":"start-session","nonce":"aa037efbdee9e500dd73ff"}] []
[2023-11-08T21:14:44.794488+02:00] User Registration.INFO: Successful [{"task_id":"3","action":"get-task","nonce":"aa037efbdee9e500dd73ff"}] []
[2023-11-08T21:14:49.886516+02:00] User Registration.INFO: Successful [{"user_id":"2","session_id":"12","action":"stop-session","nonce":"aa037efbdee9e500dd73ff"}] []
[2023-11-08T21:14:57.739804+02:00] User Registration.INFO: Successful [{"task_id":"3","action":"get-task","nonce":"aa037efbdee9e500dd73ff"}] []
[2023-11-08T21:15:23.500664+02:00] User Registration.INFO: Successful [{"task_id":"1","action":"get-task","nonce":"aa037efbdee9e500dd73ff"}] []
[2023-11-08T21:15:24.875128+02:00] User Registration.INFO: Successful [{"task_id":"1","user_id":"2","action":"start-session","nonce":"aa037efbdee9e500dd73ff"}] []
[2023-11-08T21:15:25.046152+02:00] User Registration.INFO: Successful [{"task_id":"1","action":"get-task","nonce":"aa037efbdee9e500dd73ff"}] []
[2023-11-08T21:15:26.420181+02:00] User Registration.INFO: Successful [{"user_id":"2","session_id":"13","action":"stop-session","nonce":"aa037efbdee9e500dd73ff"}] []
[2023-11-08T21:15:26.602515+02:00] User Registration.INFO: Successful [{"task_id":"1","action":"get-task","nonce":"aa037efbdee9e500dd73ff"}] []
[2023-11-08T21:16:08.156576+02:00] User Registration.INFO: Successful [{"task_id":"1","action":"get-task","nonce":"aa037efbdee9e500dd73ff"}] []
[2023-11-08T21:16:18.061963+02:00] User Registration.INFO: Successful [{"task_id":"3","action":"get-task","nonce":"aa037efbdee9e500dd73ff"}] []
[2023-11-08T21:16:35.733517+02:00] User Registration.INFO: Successful [{"task_id":"12","action":"get-task","nonce":"aa037efbdee9e500dd73ff"}] []
[2023-11-08T21:19:25.848940+02:00] User Registration.INFO: Successful [{"task_id":"12","action":"get-task","nonce":"aa037efbdee9e500dd73ff"}] []
[2023-11-08T21:19:28.415815+02:00] User Registration.INFO: Successful [{"task_id":"10","action":"get-task","nonce":"aa037efbdee9e500dd73ff"}] []
[2023-11-08T21:19:45.118511+02:00] User Registration.INFO: Successful [{"task_id":"11","action":"get-task","nonce":"aa037efbdee9e500dd73ff"}] []
[2023-11-08T21:19:50.664084+02:00] User Registration.INFO: Successful [{"task_id":"7","action":"get-task","nonce":"aa037efbdee9e500dd73ff"}] []
[2023-11-08T21:19:51.407806+02:00] User Registration.INFO: Successful [{"task_id":"6","action":"get-task","nonce":"aa037efbdee9e500dd73ff"}] []
[2023-11-08T21:19:52.192395+02:00] User Registration.INFO: Successful [{"task_id":"5","action":"get-task","nonce":"aa037efbdee9e500dd73ff"}] []
[2023-11-08T21:19:53.157310+02:00] User Registration.INFO: Successful [{"task_id":"5","action":"get-task","nonce":"aa037efbdee9e500dd73ff"}] []
[2023-11-08T21:19:54.154957+02:00] User Registration.INFO: Successful [{"task_id":"4","action":"get-task","nonce":"aa037efbdee9e500dd73ff"}] []
[2023-11-08T21:19:56.180907+02:00] User Registration.INFO: Successful [{"task_id":"8","action":"get-task","nonce":"aa037efbdee9e500dd73ff"}] []
[2023-11-08T21:19:56.858533+02:00] User Registration.INFO: Successful [{"task_id":"9","action":"get-task","nonce":"aa037efbdee9e500dd73ff"}] []
[2023-11-08T21:19:57.407238+02:00] User Registration.INFO: Successful [{"task_id":"11","action":"get-task","nonce":"aa037efbdee9e500dd73ff"}] []
[2023-11-08T21:19:58.726205+02:00] User Registration.INFO: Successful [{"task_id":"12","action":"get-task","nonce":"aa037efbdee9e500dd73ff"}] []
[2023-11-08T21:19:59.988680+02:00] User Registration.INFO: Successful [{"task_id":"1","action":"get-task","nonce":"aa037efbdee9e500dd73ff"}] []
[2023-11-08T21:20:40.717816+02:00] User Registration.INFO: Successful [{"task_id":"12","action":"get-task","nonce":"aa037efbdee9e500dd73ff"}] []
[2023-11-08T21:20:42.043466+02:00] User Registration.INFO: Successful [{"task_id":"11","action":"get-task","nonce":"aa037efbdee9e500dd73ff"}] []
[2023-11-08T21:20:42.861327+02:00] User Registration.INFO: Successful [{"task_id":"9","action":"get-task","nonce":"aa037efbdee9e500dd73ff"}] []
[2023-11-08T21:20:44.481134+02:00] User Registration.INFO: Successful [{"task_id":"5","action":"get-task","nonce":"aa037efbdee9e500dd73ff"}] []
[2023-11-08T21:20:54.947123+02:00] User Registration.INFO: Successful [{"task_id":"9","action":"get-task","nonce":"aa037efbdee9e500dd73ff"}] []
[2023-11-08T21:20:59.017717+02:00] User Registration.INFO: Successful [{"task_id":"7","action":"get-task","nonce":"aa037efbdee9e500dd73ff"}] []
[2023-11-08T21:20:59.738490+02:00] User Registration.INFO: Successful [{"task_id":"5","action":"get-task","nonce":"aa037efbdee9e500dd73ff"}] []
[2023-11-08T21:21:00.448266+02:00] User Registration.INFO: Successful [{"task_id":"4","action":"get-task","nonce":"aa037efbdee9e500dd73ff"}] []
[2023-11-08T21:21:01.471527+02:00] User Registration.INFO: Successful [{"task_id":"5","action":"get-task","nonce":"aa037efbdee9e500dd73ff"}] []
[2023-11-08T21:26:08.140369+02:00] User Registration.INFO: Successful [{"task_id":"12","action":"get-task","nonce":"aa037efbdee9e500dd73ff"}] []
[2023-11-08T21:26:10.890832+02:00] User Registration.INFO: Successful [{"task_id":"11","action":"get-task","nonce":"aa037efbdee9e500dd73ff"}] []
[2023-11-08T21:26:12.419403+02:00] User Registration.INFO: Successful [{"task_id":"10","action":"get-task","nonce":"aa037efbdee9e500dd73ff"}] []
[2023-11-08T21:26:13.862570+02:00] User Registration.INFO: Successful [{"task_id":"9","action":"get-task","nonce":"aa037efbdee9e500dd73ff"}] []
[2023-11-08T21:27:05.220865+02:00] User Registration.INFO: Successful [{"task_id":"11","action":"get-task","nonce":"aa037efbdee9e500dd73ff"}] []
[2023-11-08T21:27:24.464852+02:00] User Registration.INFO: Successful [{"task_id":"12","action":"get-task","nonce":"aa037efbdee9e500dd73ff"}] []
[2023-11-08T21:29:39.338034+02:00] User Registration.INFO: Successful [{"task_id":"11","action":"get-task","nonce":"aa037efbdee9e500dd73ff"}] []
[2023-11-08T21:29:40.677348+02:00] User Registration.INFO: Successful [{"task_id":"10","action":"get-task","nonce":"aa037efbdee9e500dd73ff"}] []
[2023-11-08T21:29:41.297860+02:00] User Registration.INFO: Successful [{"task_id":"9","action":"get-task","nonce":"aa037efbdee9e500dd73ff"}] []
[2023-11-08T21:29:41.926115+02:00] User Registration.INFO: Successful [{"task_id":"8","action":"get-task","nonce":"aa037efbdee9e500dd73ff"}] []
[2023-11-08T21:29:42.338615+02:00] User Registration.INFO: Successful [{"task_id":"7","action":"get-task","nonce":"aa037efbdee9e500dd73ff"}] []
[2023-11-08T21:29:43.487473+02:00] User Registration.INFO: Successful [{"task_id":"6","action":"get-task","nonce":"aa037efbdee9e500dd73ff"}] []
[2023-11-08T21:29:44.313781+02:00] User Registration.INFO: Successful [{"task_id":"5","action":"get-task","nonce":"aa037efbdee9e500dd73ff"}] []
[2023-11-08T21:29:46.304303+02:00] User Registration.INFO: Successful [{"task_id":"12","action":"get-task","nonce":"aa037efbdee9e500dd73ff"}] []
[2023-11-08T21:30:43.834934+02:00] User Registration.INFO: Successful [{"task_id":"11","action":"get-task","nonce":"aa037efbdee9e500dd73ff"}] []
[2023-11-08T21:30:45.834608+02:00] User Registration.INFO: Successful [{"task_id":"11","user_id":"2","action":"start-session","nonce":"aa037efbdee9e500dd73ff"}] []
[2023-11-08T21:30:46.003834+02:00] User Registration.INFO: Successful [{"task_id":"11","action":"get-task","nonce":"aa037efbdee9e500dd73ff"}] []
[2023-11-08T21:30:54.300695+02:00] User Registration.INFO: Successful [{"user_id":"2","session_id":"14","action":"stop-session","nonce":"aa037efbdee9e500dd73ff"}] []
[2023-11-08T21:30:54.488285+02:00] User Registration.INFO: Successful [{"task_id":"11","action":"get-task","nonce":"aa037efbdee9e500dd73ff"}] []
